  XAGUI.cpp
E:\XAGUI\include\Controls/TabControl.h(40): warning C4267: 'return': conversion from 'size_t' to 'uint8_t', possible loss of data
  AnalogStick.cpp
  ComboBox.cpp
  Container.cpp
  Control.cpp
  ControlBase.cpp
  Button.cpp
  CheckBox.cpp
  Form.cpp
  ScrollableControl.cpp
  Slider.cpp
  Label.cpp
  ListBox.cpp
  MultilineTextBox.cpp
  PasswordTextBox.cpp
  PictureBox.cpp
  ProgressBar.cpp
  RadioButton.cpp
  ScrollBar.cpp
  TabControl.cpp
  TabPage.cpp
  Compiling...
  TextBox.cpp
  TextButton.cpp
  Window.cpp
  Font.cpp
  HorizontalLayout.cpp
  Layout.cpp
  VerticalLayout.cpp
  Renderer.cpp
  StaticText.cpp
  Texture.cpp
  XAGUI.vcxproj -> E:\XAGUI\projects\vs2015\Release\XAGUI.lib
