  XAGUI.cpp
e:\xagui\include\controls\tabcontrol.h(40): warning C4267: 'return': conversion from 'size_t' to 'uint8_t', possible loss of data
  Texture.cpp
  StaticText.cpp
  Renderer.cpp
  VerticalLayout.cpp
  Layout.cpp
  HorizontalLayout.cpp
  Font.cpp
  Window.cpp
  TextButton.cpp
  TextBox.cpp
  TabPage.cpp
  TabControl.cpp
  ScrollBar.cpp
  RadioButton.cpp
  ProgressBar.cpp
  PictureBox.cpp
  PasswordTextBox.cpp
  MultilineTextBox.cpp
  ListBox.cpp
  Label.cpp
  Generating Code...
  Compiling...
  Slider.cpp
  ScrollableControl.cpp
  Form.cpp
  CheckBox.cpp
  Button.cpp
  ControlBase.cpp
  Control.cpp
  Container.cpp
  ComboBox.cpp
  AnalogStick.cpp
  Generating Code...
  XAGUI.vcxproj -> E:\XAGUI\projects\vs2015\Debug\XAGUI.lib
