e:\xagui\projects\vs2015\xagui\debug\xagui.pch
e:\xagui\projects\vs2015\xagui\debug\xagui.pdb
e:\xagui\projects\vs2015\xagui\debug\xagui.idb
e:\xagui\projects\vs2015\xagui\debug\xagui.obj
e:\xagui\projects\vs2015\xagui\debug\label.obj
e:\xagui\projects\vs2015\xagui\debug\listbox.obj
e:\xagui\projects\vs2015\xagui\debug\multilinetextbox.obj
e:\xagui\projects\vs2015\xagui\debug\passwordtextbox.obj
e:\xagui\projects\vs2015\xagui\debug\picturebox.obj
e:\xagui\projects\vs2015\xagui\debug\progressbar.obj
e:\xagui\projects\vs2015\xagui\debug\radiobutton.obj
e:\xagui\projects\vs2015\xagui\debug\scrollbar.obj
e:\xagui\projects\vs2015\xagui\debug\tabcontrol.obj
e:\xagui\projects\vs2015\xagui\debug\tabpage.obj
e:\xagui\projects\vs2015\xagui\debug\textbox.obj
e:\xagui\projects\vs2015\xagui\debug\textbutton.obj
e:\xagui\projects\vs2015\xagui\debug\window.obj
e:\xagui\projects\vs2015\xagui\debug\font.obj
e:\xagui\projects\vs2015\xagui\debug\horizontallayout.obj
e:\xagui\projects\vs2015\xagui\debug\layout.obj
e:\xagui\projects\vs2015\xagui\debug\verticallayout.obj
e:\xagui\projects\vs2015\xagui\debug\renderer.obj
e:\xagui\projects\vs2015\xagui\debug\statictext.obj
e:\xagui\projects\vs2015\xagui\debug\texture.obj
e:\xagui\projects\vs2015\xagui\debug\analogstick.obj
e:\xagui\projects\vs2015\xagui\debug\combobox.obj
e:\xagui\projects\vs2015\xagui\debug\container.obj
e:\xagui\projects\vs2015\xagui\debug\control.obj
e:\xagui\projects\vs2015\xagui\debug\controlbase.obj
e:\xagui\projects\vs2015\xagui\debug\button.obj
e:\xagui\projects\vs2015\xagui\debug\checkbox.obj
e:\xagui\projects\vs2015\xagui\debug\form.obj
e:\xagui\projects\vs2015\xagui\debug\scrollablecontrol.obj
e:\xagui\projects\vs2015\xagui\debug\slider.obj
e:\xagui\projects\vs2015\debug\xagui.lib
e:\xagui\projects\vs2015\debug\xagui.pdb
e:\xagui\projects\vs2015\xagui\debug\xagui.tlog\cl.command.1.tlog
e:\xagui\projects\vs2015\xagui\debug\xagui.tlog\cl.read.1.tlog
e:\xagui\projects\vs2015\xagui\debug\xagui.tlog\cl.write.1.tlog
e:\xagui\projects\vs2015\xagui\debug\xagui.tlog\lib-link.read.1.tlog
e:\xagui\projects\vs2015\xagui\debug\xagui.tlog\lib-link.write.1.tlog
e:\xagui\projects\vs2015\xagui\debug\xagui.tlog\lib.command.1.tlog
